<?xml version="1.0" encoding="UTF-8"?>
<!-- Generated by org.testng.reporters.JUnitReportReporter -->
<testsuite skipped="0" hostname="DESKTOP-E0FIDGQ" name="com.qa.tests.GetAPITest" tests="2" failures="0" timestamp="05 Feb 2019 22:19:42 GMT" time="2.891" errors="0">
  <testcase name="getAPITestWithoutHeaders" time="2.616" classname="com.qa.tests.GetAPITest"/>
  <testcase name="getAPITestWithHeaders" time="0.275" classname="com.qa.tests.GetAPITest"/>
</testsuite> <!-- com.qa.tests.GetAPITest -->
